[01m[K/home/jungejblue/lld_ws/src/LiDAR-LANE-DETECTION/src/lane_detection.cpp:[m[K In member function ‘[01m[Kvoid LaneDetector::OS1PointCloudCallback(const ConstPtr&)[m[K’:
[01m[K/home/jungejblue/lld_ws/src/LiDAR-LANE-DETECTION/src/lane_detection.cpp:115:17:[m[K [01;31m[Kerror: [m[K‘[01m[Kusing Ptr = pcl::shared_ptr<pcl::PointCloud<pcl::PointXYZI> >[m[K’ {aka ‘[01m[Kclass boost::shared_ptr<pcl::PointCloud<pcl::PointXYZI> >[m[K’} has no member named ‘[01m[Kpoints[m[K’
  115 |   if (left_lane.[01;31m[Kpoints[m[K.size() >= 2)  lane_line_left_pub_.publish(left_lane);
      |                 [01;31m[K^~~~~~[m[K
[01m[K/home/jungejblue/lld_ws/src/LiDAR-LANE-DETECTION/src/lane_detection.cpp:116:18:[m[K [01;31m[Kerror: [m[K‘[01m[Kusing Ptr = pcl::shared_ptr<pcl::PointCloud<pcl::PointXYZI> >[m[K’ {aka ‘[01m[Kclass boost::shared_ptr<pcl::PointCloud<pcl::PointXYZI> >[m[K’} has no member named ‘[01m[Kpoints[m[K’
  116 |   if (right_lane.[01;31m[Kpoints[m[K.size() >= 2) lane_line_right_pub_.publish(right_lane);
      |                  [01;31m[K^~~~~~[m[K
[01m[K/home/jungejblue/lld_ws/src/LiDAR-LANE-DETECTION/src/lane_detection.cpp:[m[K In member function ‘[01m[Kvoid LaneDetector::splitCloudDynamic(const Ptr&, pcl::PointCloud<pcl::PointXYZI>::Ptr&, pcl::PointCloud<pcl::PointXYZI>::Ptr&)[m[K’:
[01m[K/home/jungejblue/lld_ws/src/LiDAR-LANE-DETECTION/src/lane_detection.cpp:132:14:[m[K [01;35m[Kwarning: [m[Kstructured bindings only available with ‘[01m[K-std=c++17[m[K’ or ‘[01m[K-std=gnu++17[m[K’
  132 |   for (auto& [01;35m[K[[m[Kx_bin, points] : x_bins) {
      |              [01;35m[K^[m[K
[01m[K/home/jungejblue/lld_ws/src/LiDAR-LANE-DETECTION/src/lane_detection.cpp:[m[K In member function ‘[01m[Kvoid LaneDetector::sortAndInterpolate(pcl::PointCloud<pcl::PointXYZI>::Ptr&, float)[m[K’:
[01m[K/home/jungejblue/lld_ws/src/LiDAR-LANE-DETECTION/src/lane_detection.cpp:201:19:[m[K [01;31m[Kerror: [m[Kno match for ‘[01m[Koperator=[m[K’ (operand types are ‘[01m[Kstd::vector<pcl::PointXYZI, Eigen::aligned_allocator<pcl::PointXYZI> >[m[K’ and ‘[01m[Kstd::vector<pcl::PointXYZI>[m[K’)
  201 |   cloud->points = [01;31m[Kinterpolated[m[K;
      |                   [01;31m[K^~~~~~~~~~~~[m[K
In file included from [01m[K/usr/include/c++/9/vector:72[m[K,
                 from [01m[K/usr/include/boost/math/special_functions/math_fwd.hpp:26[m[K,
                 from [01m[K/usr/include/boost/math/special_functions/round.hpp:15[m[K,
                 from [01m[K/opt/ros/noetic/include/ros/time.h:58[m[K,
                 from [01m[K/opt/ros/noetic/include/ros/ros.h:38[m[K,
                 from [01m[K/home/jungejblue/lld_ws/src/LiDAR-LANE-DETECTION/include/lidar_lane_detection/lane_detection.h:8[m[K,
                 from [01m[K/home/jungejblue/lld_ws/src/LiDAR-LANE-DETECTION/src/lane_detection.cpp:5[m[K:
[01m[K/usr/include/c++/9/bits/vector.tcc:198:5:[m[K [01;36m[Knote: [m[Kcandidate: ‘[01m[Kstd::vector<_Tp, _Alloc>& std::vector<_Tp, _Alloc>::operator=(const std::vector<_Tp, _Alloc>&) [with _Tp = pcl::PointXYZI; _Alloc = Eigen::aligned_allocator<pcl::PointXYZI>][m[K’
  198 |     [01;36m[Kvector<_Tp, _Alloc>[m[K::
      |     [01;36m[K^~~~~~~~~~~~~~~~~~~[m[K
[01m[K/usr/include/c++/9/bits/vector.tcc:199:42:[m[K [01;36m[Knote: [m[K  no known conversion for argument 1 from ‘[01m[Kstd::vector<pcl::PointXYZI>[m[K’ to ‘[01m[Kconst std::vector<pcl::PointXYZI, Eigen::aligned_allocator<pcl::PointXYZI> >&[m[K’
  199 |     operator=([01;36m[Kconst vector<_Tp, _Alloc>& __x[m[K)
      |               [01;36m[K~~~~~~~~~~~~~~~~~~~~~~~~~~~^~~[m[K
In file included from [01m[K/usr/include/c++/9/vector:67[m[K,
                 from [01m[K/usr/include/boost/math/special_functions/math_fwd.hpp:26[m[K,
                 from [01m[K/usr/include/boost/math/special_functions/round.hpp:15[m[K,
                 from [01m[K/opt/ros/noetic/include/ros/time.h:58[m[K,
                 from [01m[K/opt/ros/noetic/include/ros/ros.h:38[m[K,
                 from [01m[K/home/jungejblue/lld_ws/src/LiDAR-LANE-DETECTION/include/lidar_lane_detection/lane_detection.h:8[m[K,
                 from [01m[K/home/jungejblue/lld_ws/src/LiDAR-LANE-DETECTION/src/lane_detection.cpp:5[m[K:
[01m[K/usr/include/c++/9/bits/stl_vector.h:706:7:[m[K [01;36m[Knote: [m[Kcandidate: ‘[01m[Kstd::vector<_Tp, _Alloc>& std::vector<_Tp, _Alloc>::operator=(std::vector<_Tp, _Alloc>&&) [with _Tp = pcl::PointXYZI; _Alloc = Eigen::aligned_allocator<pcl::PointXYZI>][m[K’
  706 |       [01;36m[Koperator[m[K=(vector&& __x) noexcept(_Alloc_traits::_S_nothrow_move())
      |       [01;36m[K^~~~~~~~[m[K
[01m[K/usr/include/c++/9/bits/stl_vector.h:706:26:[m[K [01;36m[Knote: [m[K  no known conversion for argument 1 from ‘[01m[Kstd::vector<pcl::PointXYZI>[m[K’ to ‘[01m[Kstd::vector<pcl::PointXYZI, Eigen::aligned_allocator<pcl::PointXYZI> >&&[m[K’
  706 |       operator=([01;36m[Kvector&& __x[m[K) noexcept(_Alloc_traits::_S_nothrow_move())
      |                 [01;36m[K~~~~~~~~~^~~[m[K
[01m[K/usr/include/c++/9/bits/stl_vector.h:727:7:[m[K [01;36m[Knote: [m[Kcandidate: ‘[01m[Kstd::vector<_Tp, _Alloc>& std::vector<_Tp, _Alloc>::operator=(std::initializer_list<_Tp>) [with _Tp = pcl::PointXYZI; _Alloc = Eigen::aligned_allocator<pcl::PointXYZI>][m[K’
  727 |       [01;36m[Koperator[m[K=(initializer_list<value_type> __l)
      |       [01;36m[K^~~~~~~~[m[K
[01m[K/usr/include/c++/9/bits/stl_vector.h:727:46:[m[K [01;36m[Knote: [m[K  no known conversion for argument 1 from ‘[01m[Kstd::vector<pcl::PointXYZI>[m[K’ to ‘[01m[Kstd::initializer_list<pcl::PointXYZI>[m[K’
  727 |       operator=([01;36m[Kinitializer_list<value_type> __l[m[K)
      |                 [01;36m[K~~~~~~~~~~~~~~~~~~~~~~~~~~~~~^~~[m[K
In file included from [01m[K/opt/ros/noetic/include/ros/serialization.h:37[m[K,
                 from [01m[K/opt/ros/noetic/include/ros/publisher.h:34[m[K,
                 from [01m[K/opt/ros/noetic/include/ros/node_handle.h:32[m[K,
                 from [01m[K/opt/ros/noetic/include/ros/ros.h:45[m[K,
                 from [01m[K/home/jungejblue/lld_ws/src/LiDAR-LANE-DETECTION/include/lidar_lane_detection/lane_detection.h:8[m[K,
                 from [01m[K/home/jungejblue/lld_ws/src/LiDAR-LANE-DETECTION/src/lane_detection.cpp:5[m[K:
/opt/ros/noetic/include/ros/message_traits.h: In instantiation of ‘[01m[Kstatic const char* ros::message_traits::MD5Sum<M>::value(const M&) [with M = pcl::PointCloud<pcl::PointXYZI>][m[K’:
[01m[K/opt/ros/noetic/include/ros/message_traits.h:254:102:[m[K   required from ‘[01m[Kconst char* ros::message_traits::md5sum(const M&) [with M = pcl::PointCloud<pcl::PointXYZI>][m[K’
[01m[K/opt/ros/noetic/include/ros/publisher.h:84:38:[m[K   required from ‘[01m[Kvoid ros::Publisher::publish(const boost::shared_ptr<X>&) const [with M = pcl::PointCloud<pcl::PointXYZI>][m[K’
[01m[K/home/jungejblue/lld_ws/src/LiDAR-LANE-DETECTION/src/lane_detection.cpp:115:75:[m[K   required from here
[01m[K/opt/ros/noetic/include/ros/message_traits.h:125:14:[m[K [01;31m[Kerror: [m[K‘[01m[Kconst class pcl::PointCloud<pcl::PointXYZI>[m[K’ has no member named ‘[01m[K__getMD5Sum[m[K’
  125 |     return [01;31m[Km.__getMD5Sum[m[K().c_str();
      |            [01;31m[K~~^~~~~~~~~~~[m[K
/opt/ros/noetic/include/ros/message_traits.h: In instantiation of ‘[01m[Kstatic const char* ros::message_traits::DataType<M>::value(const M&) [with M = pcl::PointCloud<pcl::PointXYZI>][m[K’:
[01m[K/opt/ros/noetic/include/ros/message_traits.h:263:104:[m[K   required from ‘[01m[Kconst char* ros::message_traits::datatype(const M&) [with M = pcl::PointCloud<pcl::PointXYZI>][m[K’
[01m[K/opt/ros/noetic/include/ros/publisher.h:86:11:[m[K   required from ‘[01m[Kvoid ros::Publisher::publish(const boost::shared_ptr<X>&) const [with M = pcl::PointCloud<pcl::PointXYZI>][m[K’
[01m[K/home/jungejblue/lld_ws/src/LiDAR-LANE-DETECTION/src/lane_detection.cpp:115:75:[m[K   required from here
[01m[K/opt/ros/noetic/include/ros/message_traits.h:142:14:[m[K [01;31m[Kerror: [m[K‘[01m[Kconst class pcl::PointCloud<pcl::PointXYZI>[m[K’ has no member named ‘[01m[K__getDataType[m[K’
  142 |     return [01;31m[Km.__getDataType[m[K().c_str();
      |            [01;31m[K~~^~~~~~~~~~~~~[m[K
In file included from [01m[K/opt/ros/noetic/include/ros/publisher.h:34[m[K,
                 from [01m[K/opt/ros/noetic/include/ros/node_handle.h:32[m[K,
                 from [01m[K/opt/ros/noetic/include/ros/ros.h:45[m[K,
                 from [01m[K/home/jungejblue/lld_ws/src/LiDAR-LANE-DETECTION/include/lidar_lane_detection/lane_detection.h:8[m[K,
                 from [01m[K/home/jungejblue/lld_ws/src/LiDAR-LANE-DETECTION/src/lane_detection.cpp:5[m[K:
/opt/ros/noetic/include/ros/serialization.h: In instantiation of ‘[01m[Kstatic uint32_t ros::serialization::Serializer<T>::serializedLength(typename boost::call_traits<T>::param_type) [with T = pcl::PointCloud<pcl::PointXYZI>; uint32_t = unsigned int; typename boost::call_traits<T>::param_type = const pcl::PointCloud<pcl::PointXYZI>&][m[K’:
[01m[K/opt/ros/noetic/include/ros/serialization.h:180:41:[m[K   required from ‘[01m[Kuint32_t ros::serialization::serializationLength(const T&) [with T = pcl::PointCloud<pcl::PointXYZI>; uint32_t = unsigned int][m[K’
[01m[K/opt/ros/noetic/include/ros/serialization.h:815:37:[m[K   required from ‘[01m[Kros::SerializedMessage ros::serialization::serializeMessage(const M&) [with M = pcl::PointCloud<pcl::PointXYZI>][m[K’
[01m[K/opt/ros/noetic/include/ros/publisher.h:96:26:[m[K   required from ‘[01m[Kvoid ros::Publisher::publish(const boost::shared_ptr<X>&) const [with M = pcl::PointCloud<pcl::PointXYZI>][m[K’
[01m[K/home/jungejblue/lld_ws/src/LiDAR-LANE-DETECTION/src/lane_detection.cpp:115:75:[m[K   required from here
[01m[K/opt/ros/noetic/include/ros/serialization.h:145:14:[m[K [01;31m[Kerror: [m[K‘[01m[Kconst class pcl::PointCloud<pcl::PointXYZI>[m[K’ has no member named ‘[01m[KserializationLength[m[K’
  145 |     return [01;31m[Kt.serializationLength[m[K();
      |            [01;31m[K~~^~~~~~~~~~~~~~~~~~~[m[K
/opt/ros/noetic/include/ros/serialization.h: In instantiation of ‘[01m[Kstatic void ros::serialization::Serializer<T>::write(Stream&, typename boost::call_traits<T>::param_type) [with Stream = ros::serialization::OStream; T = pcl::PointCloud<pcl::PointXYZI>; typename boost::call_traits<T>::param_type = const pcl::PointCloud<pcl::PointXYZI>&][m[K’:
[01m[K/opt/ros/noetic/include/ros/serialization.h:155:23:[m[K   required from ‘[01m[Kvoid ros::serialization::serialize(Stream&, const T&) [with T = pcl::PointCloud<pcl::PointXYZI>; Stream = ros::serialization::OStream][m[K’
[01m[K/opt/ros/noetic/include/ros/serialization.h:822:12:[m[K   required from ‘[01m[Kros::SerializedMessage ros::serialization::serializeMessage(const M&) [with M = pcl::PointCloud<pcl::PointXYZI>][m[K’
[01m[K/opt/ros/noetic/include/ros/publisher.h:96:26:[m[K   required from ‘[01m[Kvoid ros::Publisher::publish(const boost::shared_ptr<X>&) const [with M = pcl::PointCloud<pcl::PointXYZI>][m[K’
[01m[K/home/jungejblue/lld_ws/src/LiDAR-LANE-DETECTION/src/lane_detection.cpp:115:75:[m[K   required from here
[01m[K/opt/ros/noetic/include/ros/serialization.h:128:7:[m[K [01;31m[Kerror: [m[K‘[01m[Kconst class pcl::PointCloud<pcl::PointXYZI>[m[K’ has no member named ‘[01m[Kserialize[m[K’
  128 |     [01;31m[Kt.serialize[m[K(stream.getData(), 0);
      |     [01;31m[K~~^~~~~~~~~[m[K
In file included from [01m[K/usr/include/c++/9/functional:59[m[K,
                 from [01m[K/usr/include/boost/smart_ptr/detail/shared_count.hpp:39[m[K,
                 from [01m[K/usr/include/boost/smart_ptr/shared_ptr.hpp:28[m[K,
                 from [01m[K/usr/include/boost/shared_ptr.hpp:17[m[K,
                 from [01m[K/opt/ros/noetic/include/ros/forwards.h:37[m[K,
                 from [01m[K/opt/ros/noetic/include/ros/common.h:37[m[K,
                 from [01m[K/opt/ros/noetic/include/ros/ros.h:43[m[K,
                 from [01m[K/home/jungejblue/lld_ws/src/LiDAR-LANE-DETECTION/include/lidar_lane_detection/lane_detection.h:8[m[K,
                 from [01m[K/home/jungejblue/lld_ws/src/LiDAR-LANE-DETECTION/src/lane_detection.cpp:5[m[K:
[01m[K/usr/include/c++/9/bits/std_function.h:[m[K At global scope:
[01m[K/usr/include/c++/9/bits/std_function.h:667:7:[m[K [01;31m[Kerror: [m[K‘[01m[Kstd::function<_Res(_ArgTypes ...)>::function(_Functor) [with _Functor = pcl::io::ply::ply_parser::<lambda(const string&, std::size_t)>::<lambda()>; <template-parameter-2-2> = void; <template-parameter-2-3> = void; _Res = void; _ArgTypes = {}][m[K’, declared using local type ‘[01m[Kpcl::io::ply::ply_parser::<lambda(const string&, std::size_t)>::<lambda()>[m[K’, is used but never defined [[01;31m[K-fpermissive[m[K]
  667 |       [01;31m[Kfunction<_Res(_ArgTypes...)>[m[K::
      |       [01;31m[K^~~~~~~~~~~~~~~~~~~~~~~~~~~~[m[K
[01m[K/usr/include/c++/9/bits/std_function.h:667:7:[m[K [01;31m[Kerror: [m[K‘[01m[Kstd::function<_Res(_ArgTypes ...)>::function(_Functor) [with _Functor = pcl::io::ply::ply_parser::<lambda(const string&, std::size_t)>::<lambda()>; <template-parameter-2-2> = void; <template-parameter-2-3> = void; _Res = void; _ArgTypes = {}][m[K’, declared using local type ‘[01m[Kpcl::io::ply::ply_parser::<lambda(const string&, std::size_t)>::<lambda()>[m[K’, is used but never defined [[01;31m[K-fpermissive[m[K]
make[2]: *** [CMakeFiles/lane_detection.dir/build.make:76: CMakeFiles/lane_detection.dir/src/lane_detection.cpp.o] 오류 1
make[1]: *** [CMakeFiles/Makefile2:2205: CMakeFiles/lane_detection.dir/all] 오류 2
make: *** [Makefile:141: all] 오류 2
