In file included from [01m[K/home/heven/lld_ws/src/LiDAR-LANE-DETECTION/src/lane_detection.cpp:5[m[K:
[01m[K/home/heven/lld_ws/src/LiDAR-LANE-DETECTION/include/lidar_lane_detection/lane_detection.h:71:194:[m[K [01;31m[Kerror: [m[Kdefault argument missing for parameter 5 of ‘[01m[Kvoid LaneDetector::splitCloudLeftRight(const Ptr&, pcl::PointCloud<pcl::PointXYZI>::Ptr&, pcl::PointCloud<pcl::PointXYZI>::Ptr&, float, float)[m[K’
   71 |   void splitCloudLeftRight(const pcl::PointCloud<pcl::PointXYZI>::Ptr& in,pcl::PointCloud<pcl::PointXYZI>::Ptr& left_out,pcl::PointCloud<pcl::PointXYZI>::Ptr& right_out,float deadband_y = 0.2f,[01;31m[Kfloat[m[K);
      |                                                                                                                                                                                                  [01;31m[K^~~~~[m[K
[01m[K/home/heven/lld_ws/src/LiDAR-LANE-DETECTION/include/lidar_lane_detection/lane_detection.h:71:176:[m[K [01;36m[Knote: [m[K...following parameter 4 which has a default argument
   71 |   void splitCloudLeftRight(const pcl::PointCloud<pcl::PointXYZI>::Ptr& in,pcl::PointCloud<pcl::PointXYZI>::Ptr& left_out,pcl::PointCloud<pcl::PointXYZI>::Ptr& right_out,[01;36m[Kfloat deadband_y = 0.2f[m[K,float);
      |                                                                                                                                                                          [01;36m[K~~~~~~^~~~~~~~~~~~~~~~~[m[K
In file included from [01m[K/home/heven/lld_ws/src/LiDAR-LANE-DETECTION/src/main.cpp:6[m[K:
[01m[K/home/heven/lld_ws/src/LiDAR-LANE-DETECTION/include/lidar_lane_detection/lane_detection.h:71:194:[m[K [01;31m[Kerror: [m[Kdefault argument missing for parameter 5 of ‘[01m[Kvoid LaneDetector::splitCloudLeftRight(const Ptr&, pcl::PointCloud<pcl::PointXYZI>::Ptr&, pcl::PointCloud<pcl::PointXYZI>::Ptr&, float, float)[m[K’
   71 |   void splitCloudLeftRight(const pcl::PointCloud<pcl::PointXYZI>::Ptr& in,pcl::PointCloud<pcl::PointXYZI>::Ptr& left_out,pcl::PointCloud<pcl::PointXYZI>::Ptr& right_out,float deadband_y = 0.2f,[01;31m[Kfloat[m[K);
      |                                                                                                                                                                                                  [01;31m[K^~~~~[m[K
[01m[K/home/heven/lld_ws/src/LiDAR-LANE-DETECTION/include/lidar_lane_detection/lane_detection.h:71:176:[m[K [01;36m[Knote: [m[K...following parameter 4 which has a default argument
   71 |   void splitCloudLeftRight(const pcl::PointCloud<pcl::PointXYZI>::Ptr& in,pcl::PointCloud<pcl::PointXYZI>::Ptr& left_out,pcl::PointCloud<pcl::PointXYZI>::Ptr& right_out,[01;36m[Kfloat deadband_y = 0.2f[m[K,float);
      |                                                                                                                                                                          [01;36m[K~~~~~~^~~~~~~~~~~~~~~~~[m[K
[01m[K/home/heven/lld_ws/src/LiDAR-LANE-DETECTION/src/lane_detection.cpp:[m[K In member function ‘[01m[Kvoid LaneDetector::OS1PointCloudCallback(const ConstPtr&)[m[K’:
[01m[K/home/heven/lld_ws/src/LiDAR-LANE-DETECTION/src/lane_detection.cpp:105:19:[m[K [01;31m[Kerror: [m[K‘[01m[KclusterCloud[m[K’ was not declared in this scope; did you mean ‘[01m[KFilterCloud[m[K’?
  105 |   auto clusters = [01;31m[KclusterCloud[m[K(cloud_filtered_ptr, CLUSTER_TOL, MIN_CLUSTER_N, MAX_CLUSTER_N);
      |                   [01;31m[K^~~~~~~~~~~~[m[K
      |                   [32m[KFilterCloud[m[K
[01m[K/home/heven/lld_ws/src/LiDAR-LANE-DETECTION/src/lane_detection.cpp:112:8:[m[K [01;35m[Kwarning: [m[Kstructured bindings only available with ‘[01m[K-std=c++17[m[K’ or ‘[01m[K-std=gnu++17[m[K’
  112 |   auto [01;35m[K[[m[Kleft_cluster, right_cluster] = pickLaneClusters(clusters, y_gap, y_band);
      |        [01;35m[K^[m[K
[01m[K/home/heven/lld_ws/src/LiDAR-LANE-DETECTION/src/lane_detection.cpp:112:40:[m[K [01;31m[Kerror: [m[K‘[01m[KpickLaneClusters[m[K’ was not declared in this scope
  112 |   auto [left_cluster, right_cluster] = [01;31m[KpickLaneClusters[m[K(clusters, y_gap, y_band);
      |                                        [01;31m[K^~~~~~~~~~~~~~~~[m[K
[01m[K/home/heven/lld_ws/src/LiDAR-LANE-DETECTION/src/lane_detection.cpp:[m[K At global scope:
[01m[K/home/heven/lld_ws/src/LiDAR-LANE-DETECTION/src/lane_detection.cpp:319:1:[m[K [01;31m[Kerror: [m[Kno declaration matches ‘[01m[Kstd::vector<boost::shared_ptr<pcl::PointCloud<pcl::PointXYZI> > > LaneDetector::clusterCloud(const Ptr&, float, int, int)[m[K’
  319 | [01;31m[KLaneDetector[m[K::clusterCloud(const pcl::PointCloud<pcl::PointXYZI>::Ptr& cloud,
      | [01;31m[K^~~~~~~~~~~~[m[K
[01m[K/home/heven/lld_ws/src/LiDAR-LANE-DETECTION/src/lane_detection.cpp:319:1:[m[K [01;36m[Knote: [m[Kno functions named ‘[01m[Kstd::vector<boost::shared_ptr<pcl::PointCloud<pcl::PointXYZI> > > LaneDetector::clusterCloud(const Ptr&, float, int, int)[m[K’
In file included from [01m[K/home/heven/lld_ws/src/LiDAR-LANE-DETECTION/src/lane_detection.cpp:5[m[K:
[01m[K/home/heven/lld_ws/src/LiDAR-LANE-DETECTION/include/lidar_lane_detection/lane_detection.h:56:7:[m[K [01;36m[Knote: [m[K‘[01m[Kclass LaneDetector[m[K’ defined here
   56 | class [01;36m[KLaneDetector[m[K
      |       [01;36m[K^~~~~~~~~~~~[m[K
[01m[K/home/heven/lld_ws/src/LiDAR-LANE-DETECTION/src/lane_detection.cpp:348:7:[m[K [01;31m[Kerror: [m[Kno declaration matches ‘[01m[Kfloat LaneDetector::computeCentroidY(const Ptr&)[m[K’
  348 | float [01;31m[KLaneDetector[m[K::computeCentroidY(const pcl::PointCloud<pcl::PointXYZI>::Ptr& cloud)
      |       [01;31m[K^~~~~~~~~~~~[m[K
[01m[K/home/heven/lld_ws/src/LiDAR-LANE-DETECTION/src/lane_detection.cpp:348:7:[m[K [01;36m[Knote: [m[Kno functions named ‘[01m[Kfloat LaneDetector::computeCentroidY(const Ptr&)[m[K’
In file included from [01m[K/home/heven/lld_ws/src/LiDAR-LANE-DETECTION/src/lane_detection.cpp:5[m[K:
[01m[K/home/heven/lld_ws/src/LiDAR-LANE-DETECTION/include/lidar_lane_detection/lane_detection.h:56:7:[m[K [01;36m[Knote: [m[K‘[01m[Kclass LaneDetector[m[K’ defined here
   56 | class [01;36m[KLaneDetector[m[K
      |       [01;36m[K^~~~~~~~~~~~[m[K
[01m[K/home/heven/lld_ws/src/LiDAR-LANE-DETECTION/src/lane_detection.cpp:358:1:[m[K [01;31m[Kerror: [m[Kno declaration matches ‘[01m[Kstd::pair<boost::shared_ptr<pcl::PointCloud<pcl::PointXYZI> >, boost::shared_ptr<pcl::PointCloud<pcl::PointXYZI> > > LaneDetector::pickLaneClusters(const std::vector<boost::shared_ptr<pcl::PointCloud<pcl::PointXYZI> > >&, float, float)[m[K’
  358 | [01;31m[KLaneDetector[m[K::pickLaneClusters(const std::vector<pcl::PointCloud<pcl::PointXYZI>::Ptr>& clusters,
      | [01;31m[K^~~~~~~~~~~~[m[K
[01m[K/home/heven/lld_ws/src/LiDAR-LANE-DETECTION/src/lane_detection.cpp:358:1:[m[K [01;36m[Knote: [m[Kno functions named ‘[01m[Kstd::pair<boost::shared_ptr<pcl::PointCloud<pcl::PointXYZI> >, boost::shared_ptr<pcl::PointCloud<pcl::PointXYZI> > > LaneDetector::pickLaneClusters(const std::vector<boost::shared_ptr<pcl::PointCloud<pcl::PointXYZI> > >&, float, float)[m[K’
In file included from [01m[K/home/heven/lld_ws/src/LiDAR-LANE-DETECTION/src/lane_detection.cpp:5[m[K:
[01m[K/home/heven/lld_ws/src/LiDAR-LANE-DETECTION/include/lidar_lane_detection/lane_detection.h:56:7:[m[K [01;36m[Knote: [m[K‘[01m[Kclass LaneDetector[m[K’ defined here
   56 | class [01;36m[KLaneDetector[m[K
      |       [01;36m[K^~~~~~~~~~~~[m[K
make[2]: *** [CMakeFiles/lane_detection.dir/build.make:76: CMakeFiles/lane_detection.dir/src/main.cpp.o] Error 1
make[2]: *** Waiting for unfinished jobs....
make[2]: *** [CMakeFiles/lane_detection.dir/build.make:90: CMakeFiles/lane_detection.dir/src/lane_detection.cpp.o] Error 1
make[1]: *** [CMakeFiles/Makefile2:2731: CMakeFiles/lane_detection.dir/all] Error 2
make: *** [Makefile:146: all] Error 2
