[35m[1mScanning dependencies of target _lidar_msgs_generate_messages_check_deps_box[0m
[35m[1mScanning dependencies of target _lidar_msgs_generate_messages_check_deps_PointStamped[0m
[35m[1mScanning dependencies of target _lidar_msgs_generate_messages_check_deps_SocketBox[0m
[35m[1mScanning dependencies of target _lidar_msgs_generate_messages_check_deps_BoxInfo[0m
[35m[1mScanning dependencies of target _lidar_msgs_generate_messages_check_deps_Curb[0m
[35m[1mScanning dependencies of target std_msgs_generate_messages_nodejs[0m
[35m[1mScanning dependencies of target _lidar_msgs_generate_messages_check_deps_Lane[0m
[35m[1mScanning dependencies of target geometry_msgs_generate_messages_nodejs[0m
[  0%] Built target std_msgs_generate_messages_nodejs
[  0%] Built target geometry_msgs_generate_messages_nodejs
[35m[1mScanning dependencies of target geometry_msgs_generate_messages_py[0m
[  0%] Built target geometry_msgs_generate_messages_py
[35m[1mScanning dependencies of target std_msgs_generate_messages_py[0m
[35m[1mScanning dependencies of target std_msgs_generate_messages_eus[0m
[  0%] Built target std_msgs_generate_messages_py
[  0%] Built target _lidar_msgs_generate_messages_check_deps_box
[  0%] Built target _lidar_msgs_generate_messages_check_deps_Curb
[  0%] Built target std_msgs_generate_messages_eus
[35m[1mScanning dependencies of target geometry_msgs_generate_messages_eus[0m
[  0%] Built target _lidar_msgs_generate_messages_check_deps_SocketBox
[  0%] Built target _lidar_msgs_generate_messages_check_deps_Lane
[35m[1mScanning dependencies of target std_msgs_generate_messages_cpp[0m
[35m[1mScanning dependencies of target geometry_msgs_generate_messages_cpp[0m
[  0%] Built target _lidar_msgs_generate_messages_check_deps_PointStamped
[35m[1mScanning dependencies of target geometry_msgs_generate_messages_lisp[0m
[35m[1mScanning dependencies of target std_msgs_generate_messages_lisp[0m
[  0%] Built target geometry_msgs_generate_messages_eus
[  0%] Built target _lidar_msgs_generate_messages_check_deps_BoxInfo
[  0%] Built target std_msgs_generate_messages_cpp
[  0%] Built target geometry_msgs_generate_messages_lisp
[  0%] Built target std_msgs_generate_messages_lisp
[  0%] Built target geometry_msgs_generate_messages_cpp
[35m[1mScanning dependencies of target lidar_msgs_generate_messages_nodejs[0m
[35m[1mScanning dependencies of target lidar_msgs_generate_messages_lisp[0m
[35m[1mScanning dependencies of target lidar_msgs_generate_messages_eus[0m
[35m[1mScanning dependencies of target lidar_msgs_generate_messages_cpp[0m
[35m[1mScanning dependencies of target lidar_msgs_generate_messages_py[0m
[ 21%] Built target lidar_msgs_generate_messages_py
[ 40%] Built target lidar_msgs_generate_messages_nodejs
[ 81%] Built target lidar_msgs_generate_messages_eus
[ 81%] Built target lidar_msgs_generate_messages_lisp
[100%] Built target lidar_msgs_generate_messages_cpp
[35m[1mScanning dependencies of target lidar_msgs_generate_messages[0m
[100%] Built target lidar_msgs_generate_messages
